AUTOCREATE
2023-01-03T12:06:19+0530 : 0|Pimcore\Bundle\AdminBundle\Controller\Admin\LoginController::loginAction|pimcore_admin_login|[]|{"perspective":""}
2023-01-03T12:06:20+0530 : 0|Pimcore\Bundle\AdminBundle\Controller\Admin\SettingsController::displayCustomLogoAction|pimcore_settings_display_custom_logo|[]|{"white":"true"}
2023-01-03T12:06:23+0530 : 2|Pimcore\Bundle\AdminBundle\Controller\Admin\IndexController::indexAction|pimcore_admin_index|[]|{"perspective":""}
2023-01-03T12:06:24+0530 : 2|Pimcore\Bundle\AdminBundle\Controller\Admin\MiscController::adminCssAction|pimcore_admin_misc_admincss|[]|[]
2023-01-03T12:06:24+0530 : 2|Pimcore\Bundle\AdminBundle\Controller\Admin\MiscController::jsonTranslationsSystemAction|pimcore_admin_misc_jsontranslationssystem|[]|{"language":"en"}
2023-01-03T12:06:24+0530 : 2|Pimcore\Bundle\AdminBundle\Controller\Admin\UserController::getCurrentUserAction|pimcore_admin_user_getcurrentuser|[]|[]
2023-01-03T12:06:24+0530 : 2|Pimcore\Bundle\AdminBundle\Controller\Admin\MiscController::availableLanguagesAction|pimcore_admin_misc_availablelanguages|[]|[]
2023-01-03T12:06:24+0530 : 2|Pimcore\Bundle\AdminBundle\Controller\Admin\MiscController::scriptProxyAction|pimcore_admin_misc_scriptproxy|[]|{"storageFile":"minified_javascript_core_44ec3947584d507..."}
2023-01-03T12:06:24+0530 : 2|Pimcore\Bundle\AdminBundle\Controller\Admin\MiscController::scriptProxyAction|pimcore_admin_misc_scriptproxy|[]|{"storageFile":"minified_javascript_core_ba0bfb0ae74a3d9..."}
2023-01-03T12:06:24+0530 : 2|Pimcore\Bundle\AdminBundle\Controller\Admin\UserController::getImageAction|pimcore_admin_user_getimage|[]|[]
2023-01-03T12:06:24+0530 : 2|Pimcore\Bundle\AdminBundle\Controller\Admin\SettingsController::displayCustomLogoAction|pimcore_settings_display_custom_logo|[]|[]
2023-01-03T12:06:24+0530 : 2|Pimcore\Bundle\AdminBundle\Controller\Admin\Document\DocumentController::treeGetRootAction|pimcore_admin_document_document_treegetroot|[]|{"id":"1","view":"","elementType":"document"}
2023-01-03T12:29:35+0530 : 0|Pimcore\Bundle\AdminBundle\Controller\Admin\LoginController::loginAction|pimcore_admin_login|[]|{"perspective":""}
2023-01-03T12:29:35+0530 : 0|Pimcore\Bundle\AdminBundle\Controller\Admin\SettingsController::displayCustomLogoAction|pimcore_settings_display_custom_logo|[]|{"white":"true"}
2023-01-03T12:29:53+0530 : 2|Pimcore\Bundle\AdminBundle\Controller\Admin\IndexController::indexAction|pimcore_admin_index|[]|{"perspective":""}
2023-01-03T12:29:53+0530 : 2|Pimcore\Bundle\AdminBundle\Controller\Admin\MiscController::adminCssAction|pimcore_admin_misc_admincss|[]|[]
2023-01-03T12:29:53+0530 : 2|Pimcore\Bundle\AdminBundle\Controller\Admin\MiscController::jsonTranslationsSystemAction|pimcore_admin_misc_jsontranslationssystem|[]|{"language":"en"}
2023-01-03T12:29:53+0530 : 2|Pimcore\Bundle\AdminBundle\Controller\Admin\UserController::getCurrentUserAction|pimcore_admin_user_getcurrentuser|[]|[]
2023-01-03T12:29:53+0530 : 2|Pimcore\Bundle\AdminBundle\Controller\Admin\MiscController::availableLanguagesAction|pimcore_admin_misc_availablelanguages|[]|[]
2023-01-03T12:29:53+0530 : 2|Pimcore\Bundle\AdminBundle\Controller\Admin\MiscController::scriptProxyAction|pimcore_admin_misc_scriptproxy|[]|{"storageFile":"minified_javascript_core_44ec3947584d507..."}
2023-01-03T12:29:53+0530 : 2|Pimcore\Bundle\EcommerceFrameworkBundle\Controller\ConfigController::jsConfigAction|pimcore_ecommerceframework_config_jsconfig|[]|[]
2023-01-03T12:29:53+0530 : 2|CustomerManagementFrameworkBundle\Controller\Admin\HelperController::settingJsonAction|customermanagementframework_admin_helper_settingjson|[]|[]
2023-01-03T12:29:53+0530 : 2|Pimcore\Bundle\AdminBundle\Controller\Admin\MiscController::scriptProxyAction|pimcore_admin_misc_scriptproxy|[]|{"storageFile":"minified_javascript_core_ba0bfb0ae74a3d9..."}
2023-01-03T12:29:53+0530 : 2|Pimcore\Bundle\AdminBundle\Controller\Admin\UserController::getImageAction|pimcore_admin_user_getimage|[]|[]
2023-01-03T12:29:54+0530 : 2|Pimcore\Bundle\AdminBundle\Controller\Admin\SettingsController::displayCustomLogoAction|pimcore_settings_display_custom_logo|[]|[]
2023-01-03T12:29:54+0530 : 2|Pimcore\Bundle\AdminBundle\Controller\Admin\Document\DocumentController::treeGetRootAction|pimcore_admin_document_document_treegetroot|[]|{"id":"1","view":"","elementType":"document"}
2023-01-03T12:29:54+0530 : 2|Pimcore\Bundle\AdminBundle\Controller\Admin\DataObject\DataObjectController::treeGetRootAction|pimcore_admin_dataobject_dataobject_treegetroot|[]|{"id":"","view":"","elementType":"object"}
2023-01-03T12:29:54+0530 : 2|Pimcore\Bundle\AdminBundle\Controller\Admin\PortalController::dashboardListAction|pimcore_admin_portal_dashboardlist|[]|[]
2023-01-03T12:29:54+0530 : 2|Pimcore\Bundle\AdminBundle\Controller\Admin\Asset\AssetController::treeGetRootAction|pimcore_admin_asset_treegetroot|[]|{"id":"1","view":"","elementType":"asset"}
2023-01-03T12:29:54+0530 : 2|Pimcore\Bundle\AdminBundle\Controller\Admin\NotificationController::findLastUnreadAction|pimcore_admin_notification_findlastunread|[]|{"lastUpdate":"1672729194"}
2023-01-03T12:29:54+0530 : 2|Pimcore\Bundle\AdminBundle\Controller\Admin\Document\DocumentController::docTypesGetAction|pimcore_admin_document_document_doctypesget|[]|{"xaction":"read","page":"1","start":"0","limit":"25"}
2023-01-03T12:29:54+0530 : 2|Pimcore\Bundle\AdminBundle\Controller\Admin\DataObject\ClassController::getTreeAction|pimcore_admin_dataobject_class_gettree|[]|{"page":"1","start":"0","limit":"25"}
2023-01-03T12:29:54+0530 : 2|Pimcore\Bundle\AdminBundle\Controller\Admin\DataObject\ClassController::getTreeAction|pimcore_admin_dataobject_class_gettree|[]|{"createAllowed":"true","page":"1","start":"0","limit":"25"}
2023-01-03T12:29:54+0530 : 2|Pimcore\Bundle\AdminBundle\Controller\Admin\SettingsController::getAvailableSitesAction|pimcore_admin_settings_getavailablesites|[]|{"page":"1","start":"0","limit":"25"}
2023-01-03T12:29:54+0530 : 2|Pimcore\Bundle\AdminBundle\Controller\Admin\SettingsController::getAvailableAdminLanguagesAction|pimcore_admin_settings_getavailableadminlanguages|[]|{"page":"1","start":"0","limit":"25"}
2023-01-03T12:29:54+0530 : 2|Pimcore\Bundle\AdminBundle\Controller\Admin\TargetingController::targetGroupListAction|pimcore_admin_targeting_targetgrouplist|[]|{"page":"1","start":"0","limit":"25"}
2023-01-03T12:29:54+0530 : 2|Pimcore\Bundle\AdminBundle\Controller\Admin\Document\DocumentController::treeGetChildsByIdAction|pimcore_admin_document_document_treegetchildsbyid|[]|{"limit":"50","view":"","page":"1","start":"0","node":"1"}
2023-01-03T12:29:54+0530 : 2|Pimcore\Bundle\AdminBundle\Controller\Admin\Asset\AssetController::treeGetChildsByIdAction|pimcore_admin_asset_treegetchildsbyid|[]|{"limit":"100","view":"","page":"1","start":"0","node":"1"}
2023-01-03T12:29:54+0530 : 2|Pimcore\Bundle\AdminBundle\Controller\Admin\DataObject\DataObjectController::treeGetChildsByIdAction|pimcore_admin_dataobject_dataobject_treegetchildsbyid|[]|{"limit":"30","view":"","page":"1","start":"0","node":"1"}
2023-01-03T12:29:54+0530 : 2|Pimcore\Bundle\AdminBundle\Controller\Reports\CustomReportController::getReportConfigAction|pimcore_admin_reports_customreport_getreportconfig|[]|[]
2023-01-03T12:30:03+0530 : 2|Pimcore\Bundle\AdminBundle\Controller\Admin\IndexController::statisticsAction|pimcore_admin_index_statistics|[]|[]
2023-01-03T12:30:13+0530 : 2|Pimcore\Bundle\AdminBundle\Controller\Admin\Asset\AssetController::getFolderThumbnailAction|pimcore_admin_asset_getfolderthumbnail|[]|{"id":"1","treepreview":"1","origin":"treeNode"}
2023-01-03T12:30:24+0530 : 2|Pimcore\Bundle\AdminBundle\Controller\Admin\TranslationController::addAdminTranslationKeysAction|pimcore_admin_translation_addadmintranslationkeys|[]|{"keys":"[\"PIM\",\"DAM\",\"CMS\",\"Commerce\",\"Catalog\",..."}
2023-01-03T12:30:24+0530 : 2|Pimcore\Bundle\AdminBundle\Controller\Admin\NotificationController::findLastUnreadAction|pimcore_admin_notification_findlastunread|[]|{"lastUpdate":"1672729194"}
2023-01-03T12:30:25+0530 : 2|Pimcore\Bundle\AdminBundle\Controller\Admin\Document\PageController::getDataByIdAction|pimcore_admin_document_page_getdatabyid|[]|{"id":"136"}
2023-01-03T12:30:25+0530 : 2|CustomerManagementFrameworkBundle\Controller\Admin\SegmentAssignmentController::breaksInheritance|customermanagementframework_admin_segmentassignment_breaksinheritance|[]|{"id":"136","type":"document"}
2023-01-03T12:30:25+0530 : 2|CustomerManagementFrameworkBundle\Controller\Admin\SegmentAssignmentController::inheritableSegments|customermanagementframework_admin_segmentassignment_inheritablesegments|[]|{"id":"136","type":"document","page":"1","start":"0","limit":"25"}
2023-01-03T12:30:25+0530 : 2|CustomerManagementFrameworkBundle\Controller\Admin\SegmentAssignmentController::assignedSegments|customermanagementframework_admin_segmentassignment_assignedsegments|[]|{"id":"136","type":"document","page":"1","start":"0","limit":"25"}
2023-01-03T12:30:25+0530 : 2|Pimcore\Bundle\AdminBundle\Controller\Admin\TargetingController::targetGroupListAction|pimcore_admin_targeting_targetgrouplist|[]|{"add-default":"true","page":"1","start":"0","limit":"25"}
2023-01-03T12:30:25+0530 : 2|Pimcore\Bundle\AdminBundle\Controller\Admin\MiscController::jsonTranslationsSystemAction|pimcore_admin_misc_jsontranslationssystem|[]|{"language":"en"}
2023-01-03T12:30:25+0530 : 2|Pimcore\Bundle\AdminBundle\Controller\Admin\MiscController::scriptProxyAction|pimcore_admin_misc_scriptproxy|[]|{"storageFile":"minified_javascript_core_5fe072f2f548489..."}
2023-01-03T12:30:26+0530 : 2|Pimcore\Bundle\AdminBundle\Controller\Admin\Document\RenderletController::renderletAction|pimcore_admin_document_renderlet_renderlet|[]|{"id":"58","type":"object","subtype":"object","editmode":"true","title":"Drag a product here","height":"auto","width":"100%","name":"pimcore_editable_content_14_productTease...","border":"false","bodyStyle":"min-height: 40px;","pimcore_parentDocument":"136"}
2023-01-03T12:30:26+0530 : 2|Pimcore\Bundle\AdminBundle\Controller\Admin\Document\RenderletController::renderletAction|pimcore_admin_document_renderlet_renderlet|[]|{"id":"110","type":"object","subtype":"object","editmode":"true","title":"Drag a product here","height":"auto","width":"100%","name":"pimcore_editable_content_14_productTease...","border":"false","bodyStyle":"min-height: 40px;","pimcore_parentDocument":"136"}
2023-01-03T12:30:26+0530 : 2|Pimcore\Bundle\AdminBundle\Controller\Admin\Document\RenderletController::renderletAction|pimcore_admin_document_renderlet_renderlet|[]|{"id":"30","type":"object","subtype":"object","editmode":"true","title":"Drag a product here","height":"auto","width":"100%","name":"pimcore_editable_content_14_productTease...","border":"false","bodyStyle":"min-height: 40px;","pimcore_parentDocument":"136"}
2023-01-03T12:30:26+0530 : 2|Pimcore\Bundle\AdminBundle\Controller\Admin\Asset\AssetController::getImageThumbnailAction|pimcore_admin_asset_getimagethumbnail|[]|{"id":"3","alt":"","thumbnail":"portalCarousel","height":"undefined","pimcore_editmode":"1"}
2023-01-03T12:30:26+0530 : 2|Pimcore\Bundle\AdminBundle\Controller\Admin\Asset\AssetController::getImageThumbnailAction|pimcore_admin_asset_getimagethumbnail|[]|{"id":"337","alt":"","thumbnail":"portalCarousel","height":"undefined","pimcore_editmode":"1"}
2023-01-03T12:30:26+0530 : 2|Pimcore\Bundle\AdminBundle\Controller\Admin\Asset\AssetController::getImageThumbnailAction|pimcore_admin_asset_getimagethumbnail|[]|{"id":"319","alt":"","thumbnail":"portalCarousel","height":"undefined","pimcore_editmode":"1"}
2023-01-03T12:30:27+0530 : 2|Pimcore\Bundle\AdminBundle\Controller\Admin\Asset\AssetController::getImageThumbnailAction|pimcore_admin_asset_getimagethumbnail|[]|{"id":"361","alt":"","thumbnail":"standardTeaser","height":"undefined","pimcore_editmode":"1"}
2023-01-03T12:30:27+0530 : 2|Pimcore\Bundle\AdminBundle\Controller\Admin\Asset\AssetController::getImageThumbnailAction|pimcore_admin_asset_getimagethumbnail|[]|{"id":"319","alt":"","thumbnail":"heroGrid","height":"undefined","pimcore_editmode":"1"}
2023-01-03T12:30:27+0530 : 2|Pimcore\Bundle\AdminBundle\Controller\Admin\Asset\AssetController::getImageThumbnailAction|pimcore_admin_asset_getimagethumbnail|[]|{"id":"318","alt":"","thumbnail":"heroGrid","height":"undefined","pimcore_editmode":"1"}
2023-01-03T12:30:27+0530 : 2|Pimcore\Bundle\AdminBundle\Controller\Admin\Asset\AssetController::getImageThumbnailAction|pimcore_admin_asset_getimagethumbnail|[]|{"id":"321","alt":"","thumbnail":"heroGrid","height":"undefined","pimcore_editmode":"1"}
2023-01-03T12:30:27+0530 : 2|Pimcore\Bundle\AdminBundle\Controller\Admin\Asset\AssetController::getImageThumbnailAction|pimcore_admin_asset_getimagethumbnail|[]|{"id":"320","alt":"","thumbnail":"heroGrid","height":"undefined","pimcore_editmode":"1"}
2023-01-03T12:30:45+0530 : 2|Pimcore\Bundle\AdminBundle\Controller\Admin\MiscController::getAvailableControllerReferencesAction|pimcore_admin_misc_getavailablecontroller_references|[]|{"page":"1","start":"0","limit":"25"}
2023-01-03T12:30:45+0530 : 2|Pimcore\Bundle\AdminBundle\Controller\Admin\MiscController::getAvailableTemplatesAction|pimcore_admin_misc_getavailabletemplates|[]|{"page":"1","start":"0","limit":"25"}
2023-01-03T12:30:54+0530 : 2|Pimcore\Bundle\AdminBundle\Controller\Admin\TranslationController::addAdminTranslationKeysAction|pimcore_admin_translation_addadmintranslationkeys|[]|{"keys":"[\"SEO\",\"Show LeftNav\",\"Defines if left n..."}
2023-01-03T12:30:54+0530 : 2|Pimcore\Bundle\AdminBundle\Controller\Admin\NotificationController::findLastUnreadAction|pimcore_admin_notification_findlastunread|[]|{"lastUpdate":"1672729224"}
2023-01-03T12:31:24+0530 : 2|Pimcore\Bundle\AdminBundle\Controller\Admin\NotificationController::findLastUnreadAction|pimcore_admin_notification_findlastunread|[]|{"lastUpdate":"1672729254"}
2023-01-03T12:31:54+0530 : 2|Pimcore\Bundle\AdminBundle\Controller\Admin\NotificationController::findLastUnreadAction|pimcore_admin_notification_findlastunread|[]|{"lastUpdate":"1672729284"}
2023-01-03T12:32:24+0530 : 2|Pimcore\Bundle\AdminBundle\Controller\Admin\NotificationController::findLastUnreadAction|pimcore_admin_notification_findlastunread|[]|{"lastUpdate":"1672729314"}
2023-01-03T12:32:54+0530 : 2|Pimcore\Bundle\AdminBundle\Controller\Admin\NotificationController::findLastUnreadAction|pimcore_admin_notification_findlastunread|[]|{"lastUpdate":"1672729344"}
2023-01-03T12:33:24+0530 : 2|Pimcore\Bundle\AdminBundle\Controller\Admin\NotificationController::findLastUnreadAction|pimcore_admin_notification_findlastunread|[]|{"lastUpdate":"1672729374"}
2023-01-03T12:33:54+0530 : 2|Pimcore\Bundle\AdminBundle\Controller\Admin\NotificationController::findLastUnreadAction|pimcore_admin_notification_findlastunread|[]|{"lastUpdate":"1672729404"}
2023-01-03T12:34:24+0530 : 2|Pimcore\Bundle\AdminBundle\Controller\Admin\NotificationController::findLastUnreadAction|pimcore_admin_notification_findlastunread|[]|{"lastUpdate":"1672729434"}
2023-01-03T12:52:54+0530 : 2|Pimcore\Bundle\AdminBundle\Controller\Admin\MiscController::pingAction|pimcore_admin_misc_ping|[]|[]
